<?xml version="1.0" encoding="UTF-8"?>
<!-- Generated by org.testng.reporters.JUnitXMLReporter -->
<testsuite ignored="0" hostname="Savitri" failures="2" tests="2" name="Test" time="27.772" errors="0" timestamp="2024-04-01T13:01:31 IST">
  <testcase classname="testPages.RegistrationPage_Test" name="registration" time="5.082">
    <failure type="org.openqa.selenium.ElementClickInterceptedException" message="element click intercepted: Element &amp;lt;div tabindex=&amp;quot;0&amp;quot; role=&amp;quot;button&amp;quot; aria-expanded=&amp;quot;false&amp;quot; aria-haspopup=&amp;quot;listbox&amp;quot; aria-labelledby=&amp;quot;demo-simple-select-label demo-simple-select&amp;quot; id=&amp;quot;demo-simple-select&amp;quot; class=&amp;quot;MuiSelect-select MuiSelect-outlined MuiInputBase-input MuiOutlinedInput-input css-11u53oe-MuiSelect-select-MuiInputBase-input-MuiOutlinedInput-input&amp;quot;&amp;gt;...&amp;lt;/div&amp;gt; is not clickable at point (894, 448). Other element would receive the click: &amp;lt;iframe id=&amp;quot;webpack-dev-server-client-overlay&amp;quot; src=&amp;quot;about:blank&amp;quot; style=&amp;quot;position: fixed; inset: 0px; width: 100vw; height: 100vh; border: none; z-index: 2147483647;&amp;quot;&amp;gt;&amp;lt;/iframe&amp;gt;
  (Session info: chrome=123.0.6312.86)
Build info: version: &amp;apos;4.18.1&amp;apos;, revision: &amp;apos;b1d3319b48&amp;apos;
System info: os.name: &amp;apos;Windows 11&amp;apos;, os.arch: &amp;apos;amd64&amp;apos;, os.version: &amp;apos;10.0&amp;apos;, java.version: &amp;apos;21.0.1&amp;apos;
Driver info: org.openqa.selenium.chrome.ChromeDriver
Command: [65a6025373a37cf8b0d9b750a5940629, clickElement {id=f.60CE8084698A3B4F2DB6E868E11C6D04.d.A42D47FFED711512AE8354AE1B1A0372.e.758}]
Capabilities {acceptInsecureCerts: false, browserName: chrome, browserVersion: 123.0.6312.86, chrome: {chromedriverVersion: 123.0.6312.86 (9b72c47a0536..., userDataDir: C:\Users\savit\AppData\Loca...}, fedcm:accounts: true, goog:chromeOptions: {debuggerAddress: localhost:56110}, networkConnectionEnabled: false, pageLoadStrategy: normal, platformName: windows, proxy: Proxy(), se:cdp: ws://localhost:56110/devtoo..., se:cdpVersion: 123.0.6312.86, setWindowRect: true, strictFileInteractability: false, timeouts: {implicit: 0, pageLoad: 300000, script: 30000}, unhandledPromptBehavior: dismiss and notify, webauthn:extension:credBlob: true, webauthn:extension:largeBlob: true, webauthn:extension:minPinLength: true, webauthn:extension:prf: true, webauthn:virtualAuthenticators: true}
Element: [[ChromeDriver: chrome on windows (65a6025373a37cf8b0d9b750a5940629)] -&amp;gt; xpath: //*[@id=&amp;quot;demo-simple-select&amp;quot;]]
Session ID: 65a6025373a37cf8b0d9b750a5940629">
      <![CDATA[org.openqa.selenium.ElementClickInterceptedException: element click intercepted: Element <div tabindex="0" role="button" aria-expanded="false" aria-haspopup="listbox" aria-labelledby="demo-simple-select-label demo-simple-select" id="demo-simple-select" class="MuiSelect-select MuiSelect-outlined MuiInputBase-input MuiOutlinedInput-input css-11u53oe-MuiSelect-select-MuiInputBase-input-MuiOutlinedInput-input">...</div> is not clickable at point (894, 448). Other element would receive the click: <iframe id="webpack-dev-server-client-overlay" src="about:blank" style="position: fixed; inset: 0px; width: 100vw; height: 100vh; border: none; z-index: 2147483647;"></iframe>
  (Session info: chrome=123.0.6312.86)
Build info: version: '4.18.1', revision: 'b1d3319b48'
System info: os.name: 'Windows 11', os.arch: 'amd64', os.version: '10.0', java.version: '21.0.1'
Driver info: org.openqa.selenium.chrome.ChromeDriver
Command: [65a6025373a37cf8b0d9b750a5940629, clickElement {id=f.60CE8084698A3B4F2DB6E868E11C6D04.d.A42D47FFED711512AE8354AE1B1A0372.e.758}]
Capabilities {acceptInsecureCerts: false, browserName: chrome, browserVersion: 123.0.6312.86, chrome: {chromedriverVersion: 123.0.6312.86 (9b72c47a0536..., userDataDir: C:\Users\savit\AppData\Loca...}, fedcm:accounts: true, goog:chromeOptions: {debuggerAddress: localhost:56110}, networkConnectionEnabled: false, pageLoadStrategy: normal, platformName: windows, proxy: Proxy(), se:cdp: ws://localhost:56110/devtoo..., se:cdpVersion: 123.0.6312.86, setWindowRect: true, strictFileInteractability: false, timeouts: {implicit: 0, pageLoad: 300000, script: 30000}, unhandledPromptBehavior: dismiss and notify, webauthn:extension:credBlob: true, webauthn:extension:largeBlob: true, webauthn:extension:minPinLength: true, webauthn:extension:prf: true, webauthn:virtualAuthenticators: true}
Element: [[ChromeDriver: chrome on windows (65a6025373a37cf8b0d9b750a5940629)] -> xpath: //*[@id="demo-simple-select"]]
Session ID: 65a6025373a37cf8b0d9b750a5940629
at org.openqa.selenium.remote.ErrorCodec.decode(ErrorCodec.java:167)
at org.openqa.selenium.remote.codec.w3c.W3CHttpResponseCodec.decode(W3CHttpResponseCodec.java:138)
at org.openqa.selenium.remote.codec.w3c.W3CHttpResponseCodec.decode(W3CHttpResponseCodec.java:50)
at org.openqa.selenium.remote.HttpCommandExecutor.execute(HttpCommandExecutor.java:190)
at org.openqa.selenium.remote.service.DriverCommandExecutor.invokeExecute(DriverCommandExecutor.java:216)
at org.openqa.selenium.remote.service.DriverCommandExecutor.execute(DriverCommandExecutor.java:174)
at org.openqa.selenium.remote.RemoteWebDriver.execute(RemoteWebDriver.java:519)
at org.openqa.selenium.remote.RemoteWebElement.execute(RemoteWebElement.java:223)
at org.openqa.selenium.remote.RemoteWebElement.click(RemoteWebElement.java:76)
at org.openqa.selenium.support.pagefactory.internal.LocatingElementHandler.invoke(LocatingElementHandler.java:51)
at jdk.proxy2/jdk.proxy2.$Proxy18.click(Unknown Source)
at reusableComponents.CommonMethods.click(CommonMethods.java:119)
at pageObjects.RegistrationPageObject.registration(RegistrationPageObject.java:50)
at testPages.RegistrationPage_Test.registration(RegistrationPage_Test.java:27)
at java.base/java.util.ArrayList.forEach(ArrayList.java:1596)
... Removed 30 stack frames]]>
    </failure>
  </testcase> <!-- registration -->
  <testcase classname="testPages.RegistrationPage_Test" name="registration" time="4.87">
    <failure type="org.openqa.selenium.ElementClickInterceptedException" message="element click intercepted: Element &amp;lt;div tabindex=&amp;quot;0&amp;quot; role=&amp;quot;button&amp;quot; aria-expanded=&amp;quot;false&amp;quot; aria-haspopup=&amp;quot;listbox&amp;quot; aria-labelledby=&amp;quot;demo-simple-select-label demo-simple-select&amp;quot; id=&amp;quot;demo-simple-select&amp;quot; class=&amp;quot;MuiSelect-select MuiSelect-outlined MuiInputBase-input MuiOutlinedInput-input css-11u53oe-MuiSelect-select-MuiInputBase-input-MuiOutlinedInput-input&amp;quot;&amp;gt;...&amp;lt;/div&amp;gt; is not clickable at point (894, 448). Other element would receive the click: &amp;lt;iframe id=&amp;quot;webpack-dev-server-client-overlay&amp;quot; src=&amp;quot;about:blank&amp;quot; style=&amp;quot;position: fixed; inset: 0px; width: 100vw; height: 100vh; border: none; z-index: 2147483647;&amp;quot;&amp;gt;&amp;lt;/iframe&amp;gt;
  (Session info: chrome=123.0.6312.86)
Build info: version: &amp;apos;4.18.1&amp;apos;, revision: &amp;apos;b1d3319b48&amp;apos;
System info: os.name: &amp;apos;Windows 11&amp;apos;, os.arch: &amp;apos;amd64&amp;apos;, os.version: &amp;apos;10.0&amp;apos;, java.version: &amp;apos;21.0.1&amp;apos;
Driver info: org.openqa.selenium.chrome.ChromeDriver
Command: [660dcd4d6d999f43e3b65d25a408cb31, clickElement {id=f.C0389DBA61B4EA790160FE097FF5A09A.d.AA9BC91CBD0FC1C977ABF484B67E92BF.e.758}]
Capabilities {acceptInsecureCerts: false, browserName: chrome, browserVersion: 123.0.6312.86, chrome: {chromedriverVersion: 123.0.6312.86 (9b72c47a0536..., userDataDir: C:\Users\savit\AppData\Loca...}, fedcm:accounts: true, goog:chromeOptions: {debuggerAddress: localhost:56163}, networkConnectionEnabled: false, pageLoadStrategy: normal, platformName: windows, proxy: Proxy(), se:cdp: ws://localhost:56163/devtoo..., se:cdpVersion: 123.0.6312.86, setWindowRect: true, strictFileInteractability: false, timeouts: {implicit: 0, pageLoad: 300000, script: 30000}, unhandledPromptBehavior: dismiss and notify, webauthn:extension:credBlob: true, webauthn:extension:largeBlob: true, webauthn:extension:minPinLength: true, webauthn:extension:prf: true, webauthn:virtualAuthenticators: true}
Element: [[ChromeDriver: chrome on windows (660dcd4d6d999f43e3b65d25a408cb31)] -&amp;gt; xpath: //*[@id=&amp;quot;demo-simple-select&amp;quot;]]
Session ID: 660dcd4d6d999f43e3b65d25a408cb31">
      <![CDATA[org.openqa.selenium.ElementClickInterceptedException: element click intercepted: Element <div tabindex="0" role="button" aria-expanded="false" aria-haspopup="listbox" aria-labelledby="demo-simple-select-label demo-simple-select" id="demo-simple-select" class="MuiSelect-select MuiSelect-outlined MuiInputBase-input MuiOutlinedInput-input css-11u53oe-MuiSelect-select-MuiInputBase-input-MuiOutlinedInput-input">...</div> is not clickable at point (894, 448). Other element would receive the click: <iframe id="webpack-dev-server-client-overlay" src="about:blank" style="position: fixed; inset: 0px; width: 100vw; height: 100vh; border: none; z-index: 2147483647;"></iframe>
  (Session info: chrome=123.0.6312.86)
Build info: version: '4.18.1', revision: 'b1d3319b48'
System info: os.name: 'Windows 11', os.arch: 'amd64', os.version: '10.0', java.version: '21.0.1'
Driver info: org.openqa.selenium.chrome.ChromeDriver
Command: [660dcd4d6d999f43e3b65d25a408cb31, clickElement {id=f.C0389DBA61B4EA790160FE097FF5A09A.d.AA9BC91CBD0FC1C977ABF484B67E92BF.e.758}]
Capabilities {acceptInsecureCerts: false, browserName: chrome, browserVersion: 123.0.6312.86, chrome: {chromedriverVersion: 123.0.6312.86 (9b72c47a0536..., userDataDir: C:\Users\savit\AppData\Loca...}, fedcm:accounts: true, goog:chromeOptions: {debuggerAddress: localhost:56163}, networkConnectionEnabled: false, pageLoadStrategy: normal, platformName: windows, proxy: Proxy(), se:cdp: ws://localhost:56163/devtoo..., se:cdpVersion: 123.0.6312.86, setWindowRect: true, strictFileInteractability: false, timeouts: {implicit: 0, pageLoad: 300000, script: 30000}, unhandledPromptBehavior: dismiss and notify, webauthn:extension:credBlob: true, webauthn:extension:largeBlob: true, webauthn:extension:minPinLength: true, webauthn:extension:prf: true, webauthn:virtualAuthenticators: true}
Element: [[ChromeDriver: chrome on windows (660dcd4d6d999f43e3b65d25a408cb31)] -> xpath: //*[@id="demo-simple-select"]]
Session ID: 660dcd4d6d999f43e3b65d25a408cb31
at org.openqa.selenium.remote.ErrorCodec.decode(ErrorCodec.java:167)
at org.openqa.selenium.remote.codec.w3c.W3CHttpResponseCodec.decode(W3CHttpResponseCodec.java:138)
at org.openqa.selenium.remote.codec.w3c.W3CHttpResponseCodec.decode(W3CHttpResponseCodec.java:50)
at org.openqa.selenium.remote.HttpCommandExecutor.execute(HttpCommandExecutor.java:190)
at org.openqa.selenium.remote.service.DriverCommandExecutor.invokeExecute(DriverCommandExecutor.java:216)
at org.openqa.selenium.remote.service.DriverCommandExecutor.execute(DriverCommandExecutor.java:174)
at org.openqa.selenium.remote.RemoteWebDriver.execute(RemoteWebDriver.java:519)
at org.openqa.selenium.remote.RemoteWebElement.execute(RemoteWebElement.java:223)
at org.openqa.selenium.remote.RemoteWebElement.click(RemoteWebElement.java:76)
at org.openqa.selenium.support.pagefactory.internal.LocatingElementHandler.invoke(LocatingElementHandler.java:51)
at jdk.proxy2/jdk.proxy2.$Proxy18.click(Unknown Source)
at reusableComponents.CommonMethods.click(CommonMethods.java:119)
at pageObjects.RegistrationPageObject.registration(RegistrationPageObject.java:50)
at testPages.RegistrationPage_Test.registration(RegistrationPage_Test.java:27)
at java.base/java.util.ArrayList.forEach(ArrayList.java:1596)
... Removed 30 stack frames]]>
    </failure>
  </testcase> <!-- registration -->
</testsuite> <!-- Test -->
